0 info it worked if it ends with ok
1 verbose cli [ 'node', '/usr/bin/npm', 'install', '-g', 'pm2ll' ]
2 info using npm@1.3.6
3 info using node@v0.10.36
4 verbose cache add [ 'pm2ll', null ]
5 verbose cache add name=undefined spec="pm2ll" args=["pm2ll",null]
6 verbose parsed url { protocol: null,
6 verbose parsed url   slashes: null,
6 verbose parsed url   auth: null,
6 verbose parsed url   host: null,
6 verbose parsed url   port: null,
6 verbose parsed url   hostname: null,
6 verbose parsed url   hash: null,
6 verbose parsed url   search: null,
6 verbose parsed url   query: null,
6 verbose parsed url   pathname: 'pm2ll',
6 verbose parsed url   path: 'pm2ll',
6 verbose parsed url   href: 'pm2ll' }
7 silly lockFile 112b197d-pm2ll pm2ll
8 verbose lock pm2ll /root/.npm/112b197d-pm2ll.lock
9 silly lockFile 112b197d-pm2ll pm2ll
10 silly lockFile 112b197d-pm2ll pm2ll
11 verbose addNamed [ 'pm2ll', '' ]
12 verbose addNamed [ null, '*' ]
13 silly lockFile 10cd8b75-pm2ll pm2ll@
14 verbose lock pm2ll@ /root/.npm/10cd8b75-pm2ll.lock
15 silly addNameRange { name: 'pm2ll', range: '*', hasData: false }
16 verbose url raw pm2ll
17 verbose url resolving [ 'https://registry.npmjs.org/', './pm2ll' ]
18 verbose url resolved https://registry.npmjs.org/pm2ll
19 info trying registry request attempt 1 at 02:30:13
20 http GET https://registry.npmjs.org/pm2ll
21 http 404 https://registry.npmjs.org/pm2ll
22 silly registry.get cb [ 404,
22 silly registry.get   { 'content-type': 'application/json',
22 silly registry.get     'cache-control': 'max-age=0',
22 silly registry.get     'content-length': '2',
22 silly registry.get     'accept-ranges': 'bytes',
22 silly registry.get     date: 'Fri, 18 Dec 2015 17:30:13 GMT',
22 silly registry.get     via: '1.1 varnish',
22 silly registry.get     age: '0',
22 silly registry.get     connection: 'keep-alive',
22 silly registry.get     'x-served-by': 'cache-nrt6126-NRT',
22 silly registry.get     'x-cache': 'MISS',
22 silly registry.get     'x-cache-hits': '0',
22 silly registry.get     'x-timer': 'S1450459813.235400,VS0,VE181' } ]
23 silly addNameRange number 2 { name: 'pm2ll', range: '*', hasData: true }
24 silly addNameRange versions [ undefined, [] ]
25 error TypeError: Cannot read property 'latest' of undefined
25 error     at next (/usr/lib/node_modules/npm/lib/cache.js:687:35)
25 error     at /usr/lib/node_modules/npm/lib/cache.js:675:5
25 error     at saved (/usr/lib/node_modules/npm-registry-client/lib/get.js:148:7)
25 error     at /usr/lib/node_modules/graceful-fs/polyfills.js:133:7
25 error     at Object.oncomplete (fs.js:108:15)
26 error If you need help, you may report this log at:
26 error     <http://github.com/isaacs/npm/issues>
26 error or email it to:
26 error     <npm-@googlegroups.com>
27 error System Linux 3.10.0-229.el7.x86_64
28 error command "node" "/usr/bin/npm" "install" "-g" "pm2ll"
29 error cwd /root/mydir/nodeapp/FakerSSH
30 error node -v v0.10.36
31 error npm -v 1.3.6
32 error type non_object_property_load
33 verbose exit [ 1, true ]
